<?xml version="1.0" encoding="UTF-8"?>
<!-- Generated by org.testng.reporters.JUnitXMLReporter -->
<testsuite ignored="1" hostname="DESKTOP-GE6LMT5" failures="0" tests="2" name="Default test" time="116.35" errors="0" timestamp="2025-08-11T15:27:48 IST">
  <testcase classname="Test.JioHospitility" name="testcase01" time="103.304"/>
  <testcase classname="Test.JioHospitility" name="subProperty" time="12.981"/>
  <testcase classname="Test.JioHospitility" name="navigationToSubProperty" time="0.0">
    <ignored/>
  </testcase> <!-- navigationToSubProperty -->
</testsuite> <!-- Default test -->
