<?xml version="1.0" encoding="UTF-8"?>
<!-- Generated by org.testng.reporters.JUnitXMLReporter -->
<testsuite ignored="5" hostname="DESKTOP-HVK5D40" failures="0" tests="1" name="Chrome browser Test" time="37.0" errors="0" timestamp="2025-10-30T16:54:39 IST">
  <testcase classname="Test.ProperTest.TestCase02" name="test06" time="17.295"/>
  <testcase classname="Test.ProperTest.TestCase02" name="test01" time="0.0">
    <ignored/>
  </testcase> <!-- test01 -->
  <testcase classname="Test.ProperTest.TestCase02" name="test05" time="0.0">
    <ignored/>
  </testcase> <!-- test05 -->
  <testcase classname="Test.ProperTest.TestCase02" name="test04" time="0.0">
    <ignored/>
  </testcase> <!-- test04 -->
  <testcase classname="Test.ProperTest.TestCase02" name="test03" time="0.0">
    <ignored/>
  </testcase> <!-- test03 -->
  <testcase classname="Test.ProperTest.TestCase02" name="test02" time="0.0">
    <ignored/>
  </testcase> <!-- test02 -->
</testsuite> <!-- Chrome browser Test -->
