<?xml version="1.0" encoding="UTF-8"?>
<testng-results ignored="5" total="6" passed="1" failed="0" skipped="0">
  <reporter-output>
  </reporter-output>
  <suite started-at="2025-10-30T16:54:02 IST" name="Suite" finished-at="2025-10-30T16:54:39 IST" duration-ms="37000">
    <groups>
    </groups>
    <test started-at="2025-10-30T16:54:02 IST" name="Chrome browser Test" finished-at="2025-10-30T16:54:39 IST" duration-ms="37000">
      <class name="Test.ProperTest.TestCase02">
        <test-method is-config="true" signature="config(java.lang.String)[pri:0, instance:Test.ProperTest.TestCase02@449a4f23]" started-at="2025-10-30T16:54:02 IST" name="config" finished-at="2025-10-30T16:54:03 IST" duration-ms="1619" status="PASS">
          <params>
            <param index="0">
              <value>
                <![CDATA[chrome]]>
              </value>
            </param>
          </params>
          <reporter-output>
          </reporter-output>
        </test-method> <!-- config -->
        <test-method is-config="true" signature="setUp()[pri:0, instance:Test.ProperTest.TestCase02@449a4f23]" started-at="2025-10-30T16:54:03 IST" name="setUp" finished-at="2025-10-30T16:54:21 IST" duration-ms="18035" status="PASS">
          <reporter-output>
          </reporter-output>
        </test-method> <!-- setUp -->
        <test-method signature="test06()[pri:0, instance:Test.ProperTest.TestCase02@449a4f23]" started-at="2025-10-30T16:54:22 IST" name="test06" description="Questionaries page, adding questions" finished-at="2025-10-30T16:54:39 IST" duration-ms="17295" status="PASS">
          <reporter-output>
          </reporter-output>
        </test-method> <!-- test06 -->
      </class> <!-- Test.ProperTest.TestCase02 -->
    </test> <!-- Chrome browser Test -->
  </suite> <!-- Suite -->
</testng-results>
